\BOOKMARK [1][-]{section*.3}{Prologue}{}% 1
\BOOKMARK [1][-]{section.1}{Introduction}{}% 2
\BOOKMARK [2][-]{subsection.1.1}{Motivation}{section.1}% 3
\BOOKMARK [3][-]{subsubsection.1.1.1}{Declarative\040languages}{subsection.1.1}% 4
\BOOKMARK [3][-]{subsubsection.1.1.2}{Abstraction\040as\040a\040mean\040to\040overcome\040complexity}{subsection.1.1}% 5
\BOOKMARK [3][-]{subsubsection.1.1.3}{Data\040versus\040Computation}{subsection.1.1}% 6
\BOOKMARK [2][-]{subsection.1.2}{Dataflows\040in\040Robotics}{section.1}% 7
\BOOKMARK [2][-]{subsection.1.3}{Dataflows\040in\040Big\040Data}{section.1}% 8
\BOOKMARK [2][-]{subsection.1.4}{Structure}{section.1}% 9
\BOOKMARK [1][-]{section.2}{Background}{}% 10
\BOOKMARK [2][-]{subsection.2.1}{Functional\040Reactive\040Programming}{section.2}% 11
\BOOKMARK [2][-]{subsection.2.2}{The\040Dataflow\040Computational\040Model}{section.2}% 12
\BOOKMARK [2][-]{subsection.2.3}{Stream\040processing}{section.2}% 13
\BOOKMARK [2][-]{subsection.2.4}{Flow-based\040programming}{section.2}% 14
\BOOKMARK [2][-]{subsection.2.5}{Model-driven\040architecture}{section.2}% 15
\BOOKMARK [2][-]{subsection.2.6}{Robotics}{section.2}% 16
\BOOKMARK [1][-]{section.3}{Approach}{}% 17
\BOOKMARK [2][-]{subsection.3.1}{Generality}{section.3}% 18
\BOOKMARK [2][-]{subsection.3.2}{Extensibility\040\(Evaluation\040+\040Distribution\)}{section.3}% 19
\BOOKMARK [2][-]{subsection.3.3}{The\040Reactive\040Streams\040Standard}{section.3}% 20
\BOOKMARK [1][-]{section.4}{Implementation}{}% 21
\BOOKMARK [2][-]{subsection.4.1}{General\040Documentation}{section.4}% 22
\BOOKMARK [1][-]{section.5}{Deployment}{}% 23
\BOOKMARK [1][-]{section.6}{Optimization}{}% 24
\BOOKMARK [1][-]{section.7}{Use-cases}{}% 25
\BOOKMARK [2][-]{subsection.7.1}{Robot\040Hospital\040Guide}{section.7}% 26
\BOOKMARK [2][-]{subsection.7.2}{Robot\040Control\040Panel}{section.7}% 27
\BOOKMARK [2][-]{subsection.7.3}{Camera\040Surveilance}{section.7}% 28
\BOOKMARK [2][-]{subsection.7.4}{Hamming\040Numbers}{section.7}% 29
\BOOKMARK [1][-]{section.8}{Related\040Work}{}% 30
\BOOKMARK [2][-]{subsection.8.1}{GoogleDataflow}{section.8}% 31
\BOOKMARK [2][-]{subsection.8.2}{TensorFlow}{section.8}% 32
\BOOKMARK [2][-]{subsection.8.3}{Akka}{section.8}% 33
\BOOKMARK [2][-]{subsection.8.4}{dispel4py}{section.8}% 34
\BOOKMARK [2][-]{subsection.8.5}{Flowstone}{section.8}% 35
\BOOKMARK [2][-]{subsection.8.6}{Spark}{section.8}% 36
\BOOKMARK [2][-]{subsection.8.7}{Naiad}{section.8}% 37
\BOOKMARK [2][-]{subsection.8.8}{NoFlo}{section.8}% 38
\BOOKMARK [1][-]{section.9}{Future\040Work}{}% 39
\BOOKMARK [1][-]{section.10}{Conclusions}{}% 40
\BOOKMARK [1][-]{section*.4}{Terminology\040Table}{}% 41
\BOOKMARK [1][-]{section*.5}{Abbreviations,\040Initials\040and\040Acronyms}{}% 42
